{"numFailedTestSuites":2,"numFailedTests":4,"numPassedTestSuites":6,"numPassedTests":82,"numPendingTestSuites":0,"numPendingTests":0,"numRuntimeErrorTestSuites":0,"numTodoTests":0,"numTotalTestSuites":8,"numTotalTests":86,"openHandles":[],"snapshot":{"added":0,"didUpdate":false,"failure":false,"filesAdded":0,"filesRemoved":0,"filesRemovedList":[],"filesUnmatched":0,"filesUpdated":0,"matched":0,"total":0,"unchecked":0,"uncheckedKeysByFile":[],"unmatched":0,"updated":0},"startTime":1782672637215,"success":false,"testResults":[{"assertionResults":[{"ancestorTitles":["Cart API (/api/v1/cart)","GET /:cartId"],"duration":146,"failing":false,"failureDetails":[],"failureMessages":[],"fullName":"Cart API (/api/v1/cart) GET /:cartId should return 200 and cart data","invocations":1,"location":null,"numPassingAsserts":3,"retryReasons":[],"startAt":1782672648974,"status":"passed","title":"should return 200 and cart data"},{"ancestorTitles":["Cart API (/api/v1/cart)","GET /:cartId"],"duration":19,"failing":false,"failureDetails":[],"failureMessages":[],"fullName":"Cart API (/api/v1/cart) GET /:cartId should return 401 if token is missing","invocations":1,"location":null,"numPassingAsserts":1,"retryReasons":[],"startAt":1782672649122,"status":"passed","title":"should return 401 if token is missing"},{"ancestorTitles":["Cart API (/api/v1/cart)","GET /user/:userId"],"duration":19,"failing":false,"failureDetails":[],"failureMessages":[],"fullName":"Cart API (/api/v1/cart) GET /user/:userId should return 200 and cart data by user id","invocations":1,"location":null,"numPassingAsserts":2,"retryReasons":[],"startAt":1782672649142,"status":"passed","title":"should return 200 and cart data by user id"},{"ancestorTitles":["Cart API (/api/v1/cart)","POST /:cartId/items"],"duration":105,"failing":false,"failureDetails":[],"failureMessages":[],"fullName":"Cart API (/api/v1/cart) POST /:cartId/items should add item and return 200","invocations":1,"location":null,"numPassingAsserts":3,"retryReasons":[],"startAt":1782672649161,"status":"passed","title":"should add item and return 200"},{"ancestorTitles":["Cart API (/api/v1/cart)","POST /:cartId/items"],"duration":51,"failing":false,"failureDetails":[],"failureMessages":[],"fullName":"Cart API (/api/v1/cart) POST /:cartId/items should return 500 for invalid quantity if DB rejects","invocations":1,"location":null,"numPassingAsserts":1,"retryReasons":[],"startAt":1782672649267,"status":"passed","title":"should return 500 for invalid quantity if DB rejects"},{"ancestorTitles":["Cart API (/api/v1/cart)","PATCH /:cartId/items/:itemId"],"duration":21,"failing":false,"failureDetails":[],"failureMessages":[],"fullName":"Cart API (/api/v1/cart) PATCH /:cartId/items/:itemId should update quantity","invocations":1,"location":null,"numPassingAsserts":2,"retryReasons":[],"startAt":1782672649318,"status":"passed","title":"should update quantity"},{"ancestorTitles":["Cart API (/api/v1/cart)","DELETE /:cartId/items/:itemId"],"duration":15,"failing":false,"failureDetails":[],"failureMessages":[],"fullName":"Cart API (/api/v1/cart) DELETE /:cartId/items/:itemId should remove item from cart","invocations":1,"location":null,"numPassingAsserts":3,"retryReasons":[],"startAt":1782672649339,"status":"passed","title":"should remove item from cart"}],"endTime":1782672649361,"message":"","name":"C:\\Users\\hp\\Desktop\\July-accessories\\backend-July\\src\\routes\\cart.test.ts","startTime":1782672640769,"status":"passed","summary":""},{"assertionResults":[{"ancestorTitles":["POST /api/auth/login"],"duration":245,"failing":false,"failureDetails":[],"failureMessages":[],"fullName":"POST /api/auth/login should return 200 with token and user on valid credentials","invocations":1,"location":null,"numPassingAsserts":5,"retryReasons":[],"startAt":1782672649221,"status":"passed","title":"should return 200 with token and user on valid credentials"},{"ancestorTitles":["POST /api/auth/login"],"duration":25,"failing":false,"failureDetails":[],"failureMessages":[],"fullName":"POST /api/auth/login should normalize email to lowercase","invocations":1,"location":null,"numPassingAsserts":2,"retryReasons":[],"startAt":1782672649468,"status":"passed","title":"should normalize email to lowercase"},{"ancestorTitles":["POST /api/auth/login"],"duration":32,"failing":false,"failureDetails":[],"failureMessages":[],"fullName":"POST /api/auth/login should return 400 when email is missing","invocations":1,"location":null,"numPassingAsserts":4,"retryReasons":[],"startAt":1782672649493,"status":"passed","title":"should return 400 when email is missing"},{"ancestorTitles":["POST /api/auth/login"],"duration":26,"failing":false,"failureDetails":[],"failureMessages":[],"fullName":"POST /api/auth/login should return 400 when email format is invalid","invocations":1,"location":null,"numPassingAsserts":4,"retryReasons":[],"startAt":1782672649525,"status":"passed","title":"should return 400 when email format is invalid"},{"ancestorTitles":["POST /api/auth/login"],"duration":27,"failing":false,"failureDetails":[],"failureMessages":[],"fullName":"POST /api/auth/login should return 400 when password is missing","invocations":1,"location":null,"numPassingAsserts":4,"retryReasons":[],"startAt":1782672649552,"status":"passed","title":"should return 400 when password is missing"},{"ancestorTitles":["POST /api/auth/login"],"duration":16,"failing":false,"failureDetails":[],"failureMessages":[],"fullName":"POST /api/auth/login should return 400 when password is shorter than 8 characters","invocations":1,"location":null,"numPassingAsserts":4,"retryReasons":[],"startAt":1782672649579,"status":"passed","title":"should return 400 when password is shorter than 8 characters"},{"ancestorTitles":["POST /api/auth/login"],"duration":25,"failing":false,"failureDetails":[],"failureMessages":[],"fullName":"POST /api/auth/login should return 401 on invalid credentials","invocations":1,"location":null,"numPassingAsserts":3,"retryReasons":[],"startAt":1782672649595,"status":"passed","title":"should return 401 on invalid credentials"},{"ancestorTitles":["POST /api/auth/login"],"duration":20,"failing":false,"failureDetails":[],"failureMessages":[],"fullName":"POST /api/auth/login should not expose password in response","invocations":1,"location":null,"numPassingAsserts":1,"retryReasons":[],"startAt":1782672649621,"status":"passed","title":"should not expose password in response"},{"ancestorTitles":["POST /api/auth/login"],"duration":25,"failing":false,"failureDetails":[],"failureMessages":[],"fullName":"POST /api/auth/login should return 403 when user is not verified","invocations":1,"location":null,"numPassingAsserts":3,"retryReasons":[],"startAt":1782672649641,"status":"passed","title":"should return 403 when user is not verified"},{"ancestorTitles":["POST /api/auth/login"],"duration":17,"failing":false,"failureDetails":[],"failureMessages":[],"fullName":"POST /api/auth/login should return 500 on unexpected server error","invocations":1,"location":null,"numPassingAsserts":3,"retryReasons":[],"startAt":1782672649666,"status":"passed","title":"should return 500 on unexpected server error"}],"endTime":1782672649708,"message":"","name":"C:\\Users\\hp\\Desktop\\July-accessories\\backend-July\\src\\routes\\login.test.ts","startTime":1782672640766,"status":"passed","summary":""},{"assertionResults":[{"ancestorTitles":["GET /api/users/profile"],"duration":138,"failing":false,"failureDetails":[],"failureMessages":[],"fullName":"GET /api/users/profile should return 200 and profile data on valid token","invocations":1,"location":null,"numPassingAsserts":5,"retryReasons":[],"startAt":1782672649016,"status":"passed","title":"should return 200 and profile data on valid token"},{"ancestorTitles":["GET /api/users/profile"],"duration":38,"failing":false,"failureDetails":[],"failureMessages":[],"fullName":"GET /api/users/profile should return 401 when token is missing","invocations":1,"location":null,"numPassingAsserts":3,"retryReasons":[],"startAt":1782672649159,"status":"passed","title":"should return 401 when token is missing"},{"ancestorTitles":["GET /api/users/profile"],"duration":20,"failing":false,"failureDetails":[],"failureMessages":[],"fullName":"GET /api/users/profile should return 401 when token is invalid","invocations":1,"location":null,"numPassingAsserts":3,"retryReasons":[],"startAt":1782672649198,"status":"passed","title":"should return 401 when token is invalid"},{"ancestorTitles":["GET /api/users/profile"],"duration":22,"failing":false,"failureDetails":[],"failureMessages":[],"fullName":"GET /api/users/profile should return 500 on service error","invocations":1,"location":null,"numPassingAsserts":3,"retryReasons":[],"startAt":1782672649219,"status":"passed","title":"should return 500 on service error"},{"ancestorTitles":["PATCH /api/users/profile"],"duration":130,"failing":false,"failureDetails":[],"failureMessages":[],"fullName":"PATCH /api/users/profile should return 200 and upsert artist profile (idempotent)","invocations":1,"location":null,"numPassingAsserts":7,"retryReasons":[],"startAt":1782672649241,"status":"passed","title":"should return 200 and upsert artist profile (idempotent)"},{"ancestorTitles":["PATCH /api/users/profile"],"duration":24,"failing":false,"failureDetails":[],"failureMessages":[],"fullName":"PATCH /api/users/profile should return registration success message when upgrading a normal user to artist","invocations":1,"location":null,"numPassingAsserts":3,"retryReasons":[],"startAt":1782672649371,"status":"passed","title":"should return registration success message when upgrading a normal user to artist"},{"ancestorTitles":["PATCH /api/users/profile"],"duration":29,"failing":false,"failureDetails":[],"failureMessages":[],"fullName":"PATCH /api/users/profile should return 401 when token is missing","invocations":1,"location":null,"numPassingAsserts":3,"retryReasons":[],"startAt":1782672649395,"status":"passed","title":"should return 401 when token is missing"},{"ancestorTitles":["PATCH /api/users/profile"],"duration":34,"failing":false,"failureDetails":[],"failureMessages":[],"fullName":"PATCH /api/users/profile should return 400 when payload is invalid","invocations":1,"location":null,"numPassingAsserts":3,"retryReasons":[],"startAt":1782672649425,"status":"passed","title":"should return 400 when payload is invalid"},{"ancestorTitles":["PATCH /api/users/profile"],"duration":37,"failing":false,"failureDetails":[],"failureMessages":[],"fullName":"PATCH /api/users/profile should return 500 on service error","invocations":1,"location":null,"numPassingAsserts":3,"retryReasons":[],"startAt":1782672649459,"status":"passed","title":"should return 500 on service error"},{"ancestorTitles":["PATCH /api/users/profile"],"duration":27,"failing":false,"failureDetails":[],"failureMessages":[],"fullName":"PATCH /api/users/profile should return 409 when artist name is already in use","invocations":1,"location":null,"numPassingAsserts":3,"retryReasons":[],"startAt":1782672649497,"status":"passed","title":"should return 409 when artist name is already in use"},{"ancestorTitles":["PATCH /api/users/profile/image"],"duration":56,"failing":false,"failureDetails":[],"failureMessages":[],"fullName":"PATCH /api/users/profile/image should return 200 and update profile image for artist","invocations":1,"location":null,"numPassingAsserts":4,"retryReasons":[],"startAt":1782672649525,"status":"passed","title":"should return 200 and update profile image for artist"},{"ancestorTitles":["PATCH /api/users/profile/image"],"duration":13,"failing":false,"failureDetails":[],"failureMessages":[],"fullName":"PATCH /api/users/profile/image should return 401 when token is missing","invocations":1,"location":null,"numPassingAsserts":3,"retryReasons":[],"startAt":1782672649582,"status":"passed","title":"should return 401 when token is missing"},{"ancestorTitles":["PATCH /api/users/profile/image"],"duration":15,"failing":false,"failureDetails":[],"failureMessages":[],"fullName":"PATCH /api/users/profile/image should return 403 when user is not artist","invocations":1,"location":null,"numPassingAsserts":3,"retryReasons":[],"startAt":1782672649595,"status":"passed","title":"should return 403 when user is not artist"},{"ancestorTitles":["PATCH /api/users/profile/image"],"duration":15,"failing":false,"failureDetails":[],"failureMessages":[],"fullName":"PATCH /api/users/profile/image should return 400 when image file is missing","invocations":1,"location":null,"numPassingAsserts":3,"retryReasons":[],"startAt":1782672649610,"status":"passed","title":"should return 400 when image file is missing"},{"ancestorTitles":["PATCH /api/users/profile/image"],"duration":30,"failing":false,"failureDetails":[],"failureMessages":[],"fullName":"PATCH /api/users/profile/image should return 400 when uploaded file is not an image","invocations":1,"location":null,"numPassingAsserts":3,"retryReasons":[],"startAt":1782672649625,"status":"passed","title":"should return 400 when uploaded file is not an image"},{"ancestorTitles":["PATCH /api/users/profile/image"],"duration":18,"failing":false,"failureDetails":[],"failureMessages":[],"fullName":"PATCH /api/users/profile/image should return 500 on service error","invocations":1,"location":null,"numPassingAsserts":3,"retryReasons":[],"startAt":1782672649657,"status":"passed","title":"should return 500 on service error"},{"ancestorTitles":["DELETE /api/users/account"],"duration":14,"failing":false,"failureDetails":[],"failureMessages":[],"fullName":"DELETE /api/users/account should return 200 and delete account on valid token","invocations":1,"location":null,"numPassingAsserts":4,"retryReasons":[],"startAt":1782672649677,"status":"passed","title":"should return 200 and delete account on valid token"},{"ancestorTitles":["DELETE /api/users/account"],"duration":17,"failing":false,"failureDetails":[],"failureMessages":[],"fullName":"DELETE /api/users/account should return 401 when token is missing","invocations":1,"location":null,"numPassingAsserts":3,"retryReasons":[],"startAt":1782672649692,"status":"passed","title":"should return 401 when token is missing"},{"ancestorTitles":["DELETE /api/users/account"],"duration":20,"failing":false,"failureDetails":[],"failureMessages":[],"fullName":"DELETE /api/users/account should return 401 when token is invalid","invocations":1,"location":null,"numPassingAsserts":3,"retryReasons":[],"startAt":1782672649710,"status":"passed","title":"should return 401 when token is invalid"},{"ancestorTitles":["DELETE /api/users/account"],"duration":17,"failing":false,"failureDetails":[],"failureMessages":[],"fullName":"DELETE /api/users/account should return 500 on service error","invocations":1,"location":null,"numPassingAsserts":3,"retryReasons":[],"startAt":1782672649731,"status":"passed","title":"should return 500 on service error"}],"endTime":1782672649754,"message":"","name":"C:\\Users\\hp\\Desktop\\July-accessories\\backend-July\\src\\routes\\users.test.ts","startTime":1782672640769,"status":"passed","summary":""},{"assertionResults":[{"ancestorTitles":["GET /api/artists"],"duration":202,"failing":false,"failureDetails":[],"failureMessages":[],"fullName":"GET /api/artists should return 200 and artist list","invocations":1,"location":null,"numPassingAsserts":4,"retryReasons":[],"startAt":1782672649343,"status":"passed","title":"should return 200 and artist list"},{"ancestorTitles":["GET /api/artists"],"duration":23,"failing":false,"failureDetails":[],"failureMessages":[],"fullName":"GET /api/artists should return 200 even when token is missing (public route)","invocations":1,"location":null,"numPassingAsserts":3,"retryReasons":[],"startAt":1782672649548,"status":"passed","title":"should return 200 even when token is missing (public route)"},{"ancestorTitles":["GET /api/artists"],"duration":23,"failing":false,"failureDetails":[],"failureMessages":[],"fullName":"GET /api/artists should return 500 on service error","invocations":1,"location":null,"numPassingAsserts":3,"retryReasons":[],"startAt":1782672649572,"status":"passed","title":"should return 500 on service error"},{"ancestorTitles":["GET /api/artists/:id"],"duration":24,"failing":false,"failureDetails":[],"failureMessages":[],"fullName":"GET /api/artists/:id should return 200 and artist profile","invocations":1,"location":null,"numPassingAsserts":4,"retryReasons":[],"startAt":1782672649596,"status":"passed","title":"should return 200 and artist profile"},{"ancestorTitles":["GET /api/artists/:id"],"duration":23,"failing":false,"failureDetails":[],"failureMessages":[],"fullName":"GET /api/artists/:id should return 404 when artist is not found","invocations":1,"location":null,"numPassingAsserts":3,"retryReasons":[],"startAt":1782672649622,"status":"passed","title":"should return 404 when artist is not found"},{"ancestorTitles":["GET /api/artists/:id/artworks"],"duration":29,"failing":false,"failureDetails":[{"matcherResult":{"actual":400,"expected":200,"message":"expect(received).toBe(expected) // Object.is equality\n\nExpected: 200\nReceived: 400","name":"toBe","pass":false}}],"failureMessages":["Error: expect(received).toBe(expected) // Object.is equality\n\nExpected: 200\nReceived: 400\n    at Object.<anonymous> (C:\\Users\\hp\\Desktop\\July-accessories\\backend-July\\src\\routes\\artist.test.ts:156:24)\n    at processTicksAndRejections (node:internal/process/task_queues:105:5)"],"fullName":"GET /api/artists/:id/artworks should return 200 and pass filters correctly","invocations":1,"location":null,"numPassingAsserts":0,"retryReasons":[],"startAt":1782672649645,"status":"failed","title":"should return 200 and pass filters correctly"},{"ancestorTitles":["GET /api/artists/:id/artworks"],"duration":19,"failing":false,"failureDetails":[],"failureMessages":[],"fullName":"GET /api/artists/:id/artworks should return 200 even when token is missing (public route)","invocations":1,"location":null,"numPassingAsserts":3,"retryReasons":[],"startAt":1782672649676,"status":"passed","title":"should return 200 even when token is missing (public route)"}],"endTime":1782672649772,"message":"  ● GET /api/artists/:id/artworks › should return 200 and pass filters correctly\n\n    expect(received).toBe(expected) // Object.is equality\n\n    Expected: 200\n    Received: 400\n\n    \u001b[0m \u001b[90m 154 |\u001b[39m       \u001b[33m.\u001b[39mquery({ category\u001b[33m:\u001b[39m \u001b[32m\"لوحات فنية\"\u001b[39m\u001b[33m,\u001b[39m page\u001b[33m:\u001b[39m \u001b[32m\"2\"\u001b[39m\u001b[33m,\u001b[39m limit\u001b[33m:\u001b[39m \u001b[32m\"4\"\u001b[39m })\u001b[33m;\u001b[39m\n     \u001b[90m 155 |\u001b[39m\n    \u001b[31m\u001b[1m>\u001b[22m\u001b[39m\u001b[90m 156 |\u001b[39m     expect(res\u001b[33m.\u001b[39mstatus)\u001b[33m.\u001b[39mtoBe(\u001b[35m200\u001b[39m)\u001b[33m;\u001b[39m\n     \u001b[90m     |\u001b[39m                        \u001b[31m\u001b[1m^\u001b[22m\u001b[39m\n     \u001b[90m 157 |\u001b[39m     expect(res\u001b[33m.\u001b[39mbody\u001b[33m.\u001b[39mstatus)\u001b[33m.\u001b[39mtoBe(\u001b[32m\"success\"\u001b[39m)\u001b[33m;\u001b[39m\n     \u001b[90m 158 |\u001b[39m     expect(mockGetArtistArtworks)\u001b[33m.\u001b[39mtoHaveBeenCalledWith(\u001b[32m\"artist-1\"\u001b[39m\u001b[33m,\u001b[39m {\n     \u001b[90m 159 |\u001b[39m       category\u001b[33m:\u001b[39m \u001b[32m\"لوحات فنية\"\u001b[39m\u001b[33m,\u001b[39m\u001b[0m\n\n      at Object.<anonymous> (src/routes/artist.test.ts:156:24)\n","name":"C:\\Users\\hp\\Desktop\\July-accessories\\backend-July\\src\\routes\\artist.test.ts","startTime":1782672640769,"status":"failed","summary":""},{"assertionResults":[{"ancestorTitles":["Order API (/api/v1/orders)","POST /:userId/checkout"],"duration":276,"failing":false,"failureDetails":[],"failureMessages":[],"fullName":"Order API (/api/v1/orders) POST /:userId/checkout should return 201 and created order group","invocations":1,"location":null,"numPassingAsserts":4,"retryReasons":[],"startAt":1782672649372,"status":"passed","title":"should return 201 and created order group"},{"ancestorTitles":["Order API (/api/v1/orders)","POST /:userId/checkout"],"duration":19,"failing":false,"failureDetails":[],"failureMessages":[],"fullName":"Order API (/api/v1/orders) POST /:userId/checkout should return 401 if unauthorized","invocations":1,"location":null,"numPassingAsserts":1,"retryReasons":[],"startAt":1782672649651,"status":"passed","title":"should return 401 if unauthorized"},{"ancestorTitles":["Order API (/api/v1/orders)","GET /:userId"],"duration":24,"failing":false,"failureDetails":[],"failureMessages":[],"fullName":"Order API (/api/v1/orders) GET /:userId should return 200 and grouped orders for buyer","invocations":1,"location":null,"numPassingAsserts":3,"retryReasons":[],"startAt":1782672649671,"status":"passed","title":"should return 200 and grouped orders for buyer"},{"ancestorTitles":["Order API (/api/v1/orders)","GET /:userId"],"duration":22,"failing":false,"failureDetails":[],"failureMessages":[],"fullName":"Order API (/api/v1/orders) GET /:userId should return sales for artist role","invocations":1,"location":null,"numPassingAsserts":3,"retryReasons":[],"startAt":1782672649695,"status":"passed","title":"should return sales for artist role"},{"ancestorTitles":["Order API (/api/v1/orders)","PATCH /:orderId/status"],"duration":21,"failing":false,"failureDetails":[],"failureMessages":[],"fullName":"Order API (/api/v1/orders) PATCH /:orderId/status should update status successfully","invocations":1,"location":null,"numPassingAsserts":3,"retryReasons":[],"startAt":1782672649718,"status":"passed","title":"should update status successfully"},{"ancestorTitles":["Order API (/api/v1/orders)","PATCH /:orderId/status"],"duration":31,"failing":false,"failureDetails":[],"failureMessages":[],"fullName":"Order API (/api/v1/orders) PATCH /:orderId/status should return 500 for invalid status when service throws","invocations":1,"location":null,"numPassingAsserts":1,"retryReasons":[],"startAt":1782672649739,"status":"passed","title":"should return 500 for invalid status when service throws"},{"ancestorTitles":["Order API (/api/v1/orders)","POST /:userId"],"duration":20,"failing":false,"failureDetails":[],"failureMessages":[],"fullName":"Order API (/api/v1/orders) POST /:userId should return 201 and created order manually","invocations":1,"location":null,"numPassingAsserts":4,"retryReasons":[],"startAt":1782672649771,"status":"passed","title":"should return 201 and created order manually"},{"ancestorTitles":["Order API (/api/v1/orders)","POST /:userId"],"duration":14,"failing":false,"failureDetails":[],"failureMessages":[],"fullName":"Order API (/api/v1/orders) POST /:userId should return 401 if unauthorized for manual order","invocations":1,"location":null,"numPassingAsserts":1,"retryReasons":[],"startAt":1782672649791,"status":"passed","title":"should return 401 if unauthorized for manual order"}],"endTime":1782672649811,"message":"","name":"C:\\Users\\hp\\Desktop\\July-accessories\\backend-July\\src\\routes\\order.test.ts","startTime":1782672640767,"status":"passed","summary":""},{"assertionResults":[{"ancestorTitles":["POST /api/auth/signup"],"duration":215,"failing":false,"failureDetails":[],"failureMessages":[],"fullName":"POST /api/auth/signup should return 201 with user (and NO token) on valid input","invocations":1,"location":null,"numPassingAsserts":4,"retryReasons":[],"startAt":1782672649449,"status":"passed","title":"should return 201 with user (and NO token) on valid input"},{"ancestorTitles":["POST /api/auth/signup"],"duration":41,"failing":false,"failureDetails":[],"failureMessages":[],"fullName":"POST /api/auth/signup should accept uppercase email and normalize it to lowercase","invocations":1,"location":null,"numPassingAsserts":2,"retryReasons":[],"startAt":1782672649667,"status":"passed","title":"should accept uppercase email and normalize it to lowercase"},{"ancestorTitles":["POST /api/auth/signup"],"duration":27,"failing":false,"failureDetails":[],"failureMessages":[],"fullName":"POST /api/auth/signup should return 400 when firstName is missing","invocations":1,"location":null,"numPassingAsserts":4,"retryReasons":[],"startAt":1782672649708,"status":"passed","title":"should return 400 when firstName is missing"},{"ancestorTitles":["POST /api/auth/signup"],"duration":21,"failing":false,"failureDetails":[],"failureMessages":[],"fullName":"POST /api/auth/signup should return 400 when lastName is missing","invocations":1,"location":null,"numPassingAsserts":4,"retryReasons":[],"startAt":1782672649736,"status":"passed","title":"should return 400 when lastName is missing"},{"ancestorTitles":["POST /api/auth/signup"],"duration":36,"failing":false,"failureDetails":[],"failureMessages":[],"fullName":"POST /api/auth/signup should return 400 when email is invalid","invocations":1,"location":null,"numPassingAsserts":4,"retryReasons":[],"startAt":1782672649758,"status":"passed","title":"should return 400 when email is invalid"},{"ancestorTitles":["POST /api/auth/signup"],"duration":16,"failing":false,"failureDetails":[],"failureMessages":[],"fullName":"POST /api/auth/signup should return 400 when password is shorter than 8 characters","invocations":1,"location":null,"numPassingAsserts":4,"retryReasons":[],"startAt":1782672649795,"status":"passed","title":"should return 400 when password is shorter than 8 characters"},{"ancestorTitles":["POST /api/auth/signup"],"duration":18,"failing":false,"failureDetails":[],"failureMessages":[],"fullName":"POST /api/auth/signup should return 400 when password has no uppercase letter","invocations":1,"location":null,"numPassingAsserts":4,"retryReasons":[],"startAt":1782672649811,"status":"passed","title":"should return 400 when password has no uppercase letter"},{"ancestorTitles":["POST /api/auth/signup"],"duration":16,"failing":false,"failureDetails":[],"failureMessages":[],"fullName":"POST /api/auth/signup should return 400 when password has no lowercase letter","invocations":1,"location":null,"numPassingAsserts":4,"retryReasons":[],"startAt":1782672649830,"status":"passed","title":"should return 400 when password has no lowercase letter"},{"ancestorTitles":["POST /api/auth/signup"],"duration":22,"failing":false,"failureDetails":[],"failureMessages":[],"fullName":"POST /api/auth/signup should return 400 when password has no number","invocations":1,"location":null,"numPassingAsserts":4,"retryReasons":[],"startAt":1782672649847,"status":"passed","title":"should return 400 when password has no number"},{"ancestorTitles":["POST /api/auth/signup"],"duration":15,"failing":false,"failureDetails":[],"failureMessages":[],"fullName":"POST /api/auth/signup should return 400 when confirmPassword does not match password","invocations":1,"location":null,"numPassingAsserts":4,"retryReasons":[],"startAt":1782672649870,"status":"passed","title":"should return 400 when confirmPassword does not match password"},{"ancestorTitles":["POST /api/auth/signup"],"duration":12,"failing":false,"failureDetails":[],"failureMessages":[],"fullName":"POST /api/auth/signup should return 409 when email is already registered","invocations":1,"location":null,"numPassingAsserts":3,"retryReasons":[],"startAt":1782672649886,"status":"passed","title":"should return 409 when email is already registered"},{"ancestorTitles":["POST /api/auth/signup"],"duration":13,"failing":false,"failureDetails":[],"failureMessages":[],"fullName":"POST /api/auth/signup should return 500 on unexpected server error","invocations":1,"location":null,"numPassingAsserts":3,"retryReasons":[],"startAt":1782672649899,"status":"passed","title":"should return 500 on unexpected server error"}],"endTime":1782672649918,"message":"","name":"C:\\Users\\hp\\Desktop\\July-accessories\\backend-July\\src\\routes\\signup.test.ts","startTime":1782672640769,"status":"passed","summary":""},{"assertionResults":[{"ancestorTitles":["POST /api/artworks"],"duration":140,"failing":false,"failureDetails":[],"failureMessages":[],"fullName":"POST /api/artworks should return 401 when token is missing","invocations":1,"location":null,"numPassingAsserts":3,"retryReasons":[],"startAt":1782672649141,"status":"passed","title":"should return 401 when token is missing"},{"ancestorTitles":["POST /api/artworks"],"duration":40,"failing":false,"failureDetails":[],"failureMessages":[],"fullName":"POST /api/artworks should return 403 when user is not an artist","invocations":1,"location":null,"numPassingAsserts":3,"retryReasons":[],"startAt":1782672649283,"status":"passed","title":"should return 403 when user is not an artist"},{"ancestorTitles":["POST /api/artworks"],"duration":68,"failing":false,"failureDetails":[],"failureMessages":[],"fullName":"POST /api/artworks should return 400 when no images are uploaded","invocations":1,"location":null,"numPassingAsserts":3,"retryReasons":[],"startAt":1782672649324,"status":"passed","title":"should return 400 when no images are uploaded"},{"ancestorTitles":["POST /api/artworks"],"duration":63,"failing":false,"failureDetails":[{"matcherResult":{"actual":400,"expected":201,"message":"expect(received).toBe(expected) // Object.is equality\n\nExpected: 201\nReceived: 400","name":"toBe","pass":false}}],"failureMessages":["Error: expect(received).toBe(expected) // Object.is equality\n\nExpected: 201\nReceived: 400\n    at Object.<anonymous> (C:\\Users\\hp\\Desktop\\July-accessories\\backend-July\\src\\routes\\artwork.test.ts:140:24)\n    at processTicksAndRejections (node:internal/process/task_queues:105:5)"],"fullName":"POST /api/artworks should create artwork successfully with multipart upload","invocations":1,"location":null,"numPassingAsserts":0,"retryReasons":[],"startAt":1782672649392,"status":"failed","title":"should create artwork successfully with multipart upload"},{"ancestorTitles":["GET /api/artworks"],"duration":21,"failing":false,"failureDetails":[],"failureMessages":[],"fullName":"GET /api/artworks should list artworks and pass query filters","invocations":1,"location":null,"numPassingAsserts":3,"retryReasons":[],"startAt":1782672649460,"status":"passed","title":"should list artworks and pass query filters"},{"ancestorTitles":["GET /api/artworks"],"duration":22,"failing":false,"failureDetails":[],"failureMessages":[],"fullName":"GET /api/artworks should pass showContactInfo=true when authorization header contains a valid token","invocations":1,"location":null,"numPassingAsserts":2,"retryReasons":[],"startAt":1782672649482,"status":"passed","title":"should pass showContactInfo=true when authorization header contains a valid token"},{"ancestorTitles":["GET /api/artworks/:id"],"duration":16,"failing":false,"failureDetails":[],"failureMessages":[],"fullName":"GET /api/artworks/:id should return artwork by id","invocations":1,"location":null,"numPassingAsserts":3,"retryReasons":[],"startAt":1782672649506,"status":"passed","title":"should return artwork by id"},{"ancestorTitles":["GET /api/artworks/:id"],"duration":21,"failing":false,"failureDetails":[],"failureMessages":[],"fullName":"GET /api/artworks/:id should return 404 when artwork not found","invocations":1,"location":null,"numPassingAsserts":3,"retryReasons":[],"startAt":1782672649524,"status":"passed","title":"should return 404 when artwork not found"},{"ancestorTitles":["PATCH /api/artworks/:id"],"duration":27,"failing":false,"failureDetails":[],"failureMessages":[],"fullName":"PATCH /api/artworks/:id should return 401 when token is missing","invocations":1,"location":null,"numPassingAsserts":3,"retryReasons":[],"startAt":1782672649546,"status":"passed","title":"should return 401 when token is missing"},{"ancestorTitles":["PATCH /api/artworks/:id"],"duration":29,"failing":false,"failureDetails":[],"failureMessages":[],"fullName":"PATCH /api/artworks/:id should return 403 when user is not artist","invocations":1,"location":null,"numPassingAsserts":3,"retryReasons":[],"startAt":1782672649576,"status":"passed","title":"should return 403 when user is not artist"},{"ancestorTitles":["PATCH /api/artworks/:id"],"duration":27,"failing":false,"failureDetails":[],"failureMessages":[],"fullName":"PATCH /api/artworks/:id should return 400 when payload has invalid values","invocations":1,"location":null,"numPassingAsserts":3,"retryReasons":[],"startAt":1782672649606,"status":"passed","title":"should return 400 when payload has invalid values"},{"ancestorTitles":["PATCH /api/artworks/:id"],"duration":24,"failing":false,"failureDetails":[{"matcherResult":{"actual":400,"expected":200,"message":"expect(received).toBe(expected) // Object.is equality\n\nExpected: 200\nReceived: 400","name":"toBe","pass":false}}],"failureMessages":["Error: expect(received).toBe(expected) // Object.is equality\n\nExpected: 200\nReceived: 400\n    at Object.<anonymous> (C:\\Users\\hp\\Desktop\\July-accessories\\backend-July\\src\\routes\\artwork.test.ts:260:24)\n    at processTicksAndRejections (node:internal/process/task_queues:105:5)"],"fullName":"PATCH /api/artworks/:id should update artwork successfully with existing and new images","invocations":1,"location":null,"numPassingAsserts":0,"retryReasons":[],"startAt":1782672649634,"status":"failed","title":"should update artwork successfully with existing and new images"},{"ancestorTitles":["PATCH /api/artworks/:id"],"duration":40,"failing":false,"failureDetails":[{"matcherResult":{"actual":200,"expected":404,"message":"expect(received).toBe(expected) // Object.is equality\n\nExpected: 404\nReceived: 200","name":"toBe","pass":false}}],"failureMessages":["Error: expect(received).toBe(expected) // Object.is equality\n\nExpected: 404\nReceived: 200\n    at Object.<anonymous> (C:\\Users\\hp\\Desktop\\July-accessories\\backend-July\\src\\routes\\artwork.test.ts:282:24)\n    at processTicksAndRejections (node:internal/process/task_queues:105:5)"],"fullName":"PATCH /api/artworks/:id should propagate service status errors","invocations":1,"location":null,"numPassingAsserts":0,"retryReasons":[],"startAt":1782672649659,"status":"failed","title":"should propagate service status errors"},{"ancestorTitles":["DELETE /api/artworks/:id"],"duration":14,"failing":false,"failureDetails":[],"failureMessages":[],"fullName":"DELETE /api/artworks/:id should return 401 when token is missing","invocations":1,"location":null,"numPassingAsserts":3,"retryReasons":[],"startAt":1782672649700,"status":"passed","title":"should return 401 when token is missing"},{"ancestorTitles":["DELETE /api/artworks/:id"],"duration":30,"failing":false,"failureDetails":[],"failureMessages":[],"fullName":"DELETE /api/artworks/:id should return 403 when user is not artist","invocations":1,"location":null,"numPassingAsserts":3,"retryReasons":[],"startAt":1782672649714,"status":"passed","title":"should return 403 when user is not artist"},{"ancestorTitles":["DELETE /api/artworks/:id"],"duration":28,"failing":false,"failureDetails":[],"failureMessages":[],"fullName":"DELETE /api/artworks/:id should soft delete artwork successfully","invocations":1,"location":null,"numPassingAsserts":4,"retryReasons":[],"startAt":1782672649744,"status":"passed","title":"should soft delete artwork successfully"},{"ancestorTitles":["DELETE /api/artworks/:id"],"duration":16,"failing":false,"failureDetails":[],"failureMessages":[],"fullName":"DELETE /api/artworks/:id should return 409 when artwork already deleted","invocations":1,"location":null,"numPassingAsserts":3,"retryReasons":[],"startAt":1782672649773,"status":"passed","title":"should return 409 when artwork already deleted"},{"ancestorTitles":["GET /api/artworks/my-artworks"],"duration":11,"failing":false,"failureDetails":[],"failureMessages":[],"fullName":"GET /api/artworks/my-artworks should return 401 when token is missing","invocations":1,"location":null,"numPassingAsserts":3,"retryReasons":[],"startAt":1782672649789,"status":"passed","title":"should return 401 when token is missing"},{"ancestorTitles":["GET /api/artworks/my-artworks"],"duration":14,"failing":false,"failureDetails":[],"failureMessages":[],"fullName":"GET /api/artworks/my-artworks should return 403 when user is not artist","invocations":1,"location":null,"numPassingAsserts":3,"retryReasons":[],"startAt":1782672649800,"status":"passed","title":"should return 403 when user is not artist"},{"ancestorTitles":["GET /api/artworks/my-artworks"],"duration":23,"failing":false,"failureDetails":[],"failureMessages":[],"fullName":"GET /api/artworks/my-artworks should return current artist artworks with filters","invocations":1,"location":null,"numPassingAsserts":4,"retryReasons":[],"startAt":1782672649814,"status":"passed","title":"should return current artist artworks with filters"}],"endTime":1782672649942,"message":"  ● POST /api/artworks › should create artwork successfully with multipart upload\n\n    expect(received).toBe(expected) // Object.is equality\n\n    Expected: 201\n    Received: 400\n\n    \u001b[0m \u001b[90m 138 |\u001b[39m       })\u001b[33m;\u001b[39m\n     \u001b[90m 139 |\u001b[39m\n    \u001b[31m\u001b[1m>\u001b[22m\u001b[39m\u001b[90m 140 |\u001b[39m     expect(res\u001b[33m.\u001b[39mstatus)\u001b[33m.\u001b[39mtoBe(\u001b[35m201\u001b[39m)\u001b[33m;\u001b[39m\n     \u001b[90m     |\u001b[39m                        \u001b[31m\u001b[1m^\u001b[22m\u001b[39m\n     \u001b[90m 141 |\u001b[39m     expect(res\u001b[33m.\u001b[39mbody\u001b[33m.\u001b[39mstatus)\u001b[33m.\u001b[39mtoBe(\u001b[32m\"success\"\u001b[39m)\u001b[33m;\u001b[39m\n     \u001b[90m 142 |\u001b[39m     expect(mockCreateArtwork)\u001b[33m.\u001b[39mtoHaveBeenCalledTimes(\u001b[35m1\u001b[39m)\u001b[33m;\u001b[39m\n     \u001b[90m 143 |\u001b[39m\u001b[0m\n\n      at Object.<anonymous> (src/routes/artwork.test.ts:140:24)\n\n  ● PATCH /api/artworks/:id › should update artwork successfully with existing and new images\n\n    expect(received).toBe(expected) // Object.is equality\n\n    Expected: 200\n    Received: 400\n\n    \u001b[0m \u001b[90m 258 |\u001b[39m       })\u001b[33m;\u001b[39m\n     \u001b[90m 259 |\u001b[39m\n    \u001b[31m\u001b[1m>\u001b[22m\u001b[39m\u001b[90m 260 |\u001b[39m     expect(res\u001b[33m.\u001b[39mstatus)\u001b[33m.\u001b[39mtoBe(\u001b[35m200\u001b[39m)\u001b[33m;\u001b[39m\n     \u001b[90m     |\u001b[39m                        \u001b[31m\u001b[1m^\u001b[22m\u001b[39m\n     \u001b[90m 261 |\u001b[39m     expect(res\u001b[33m.\u001b[39mbody\u001b[33m.\u001b[39mstatus)\u001b[33m.\u001b[39mtoBe(\u001b[32m\"success\"\u001b[39m)\u001b[33m;\u001b[39m\n     \u001b[90m 262 |\u001b[39m     expect(mockUpdateArtwork)\u001b[33m.\u001b[39mtoHaveBeenCalledTimes(\u001b[35m1\u001b[39m)\u001b[33m;\u001b[39m\n     \u001b[90m 263 |\u001b[39m\u001b[0m\n\n      at Object.<anonymous> (src/routes/artwork.test.ts:260:24)\n\n  ● PATCH /api/artworks/:id › should propagate service status errors\n\n    expect(received).toBe(expected) // Object.is equality\n\n    Expected: 404\n    Received: 200\n\n    \u001b[0m \u001b[90m 280 |\u001b[39m       \u001b[33m.\u001b[39mfield(\u001b[32m\"title\"\u001b[39m\u001b[33m,\u001b[39m \u001b[32m\"updated title\"\u001b[39m)\u001b[33m;\u001b[39m\n     \u001b[90m 281 |\u001b[39m\n    \u001b[31m\u001b[1m>\u001b[22m\u001b[39m\u001b[90m 282 |\u001b[39m     expect(res\u001b[33m.\u001b[39mstatus)\u001b[33m.\u001b[39mtoBe(\u001b[35m404\u001b[39m)\u001b[33m;\u001b[39m\n     \u001b[90m     |\u001b[39m                        \u001b[31m\u001b[1m^\u001b[22m\u001b[39m\n     \u001b[90m 283 |\u001b[39m     expect(res\u001b[33m.\u001b[39mbody\u001b[33m.\u001b[39mstatus)\u001b[33m.\u001b[39mtoBe(\u001b[32m\"error\"\u001b[39m)\u001b[33m;\u001b[39m\n     \u001b[90m 284 |\u001b[39m     expect(res\u001b[33m.\u001b[39mbody\u001b[33m.\u001b[39mmessage)\u001b[33m.\u001b[39mtoBe(\u001b[32m\"Artwork not found\"\u001b[39m)\u001b[33m;\u001b[39m\n     \u001b[90m 285 |\u001b[39m   })\u001b[33m;\u001b[39m\u001b[0m\n\n      at Object.<anonymous> (src/routes/artwork.test.ts:282:24)\n","name":"C:\\Users\\hp\\Desktop\\July-accessories\\backend-July\\src\\routes\\artwork.test.ts","startTime":1782672640768,"status":"failed","summary":""},{"assertionResults":[{"ancestorTitles":["GET /api/health"],"duration":12,"failing":false,"failureDetails":[],"failureMessages":[],"fullName":"GET /api/health should return 200 with status Ok Healthy","invocations":1,"location":null,"numPassingAsserts":2,"retryReasons":[],"startAt":1782672651605,"status":"passed","title":"should return 200 with status Ok Healthy"},{"ancestorTitles":["GET /api/health"],"duration":15,"failing":false,"failureDetails":[],"failureMessages":[],"fullName":"GET /api/health should return a valid ISO timestamp","invocations":1,"location":null,"numPassingAsserts":2,"retryReasons":[],"startAt":1782672651618,"status":"passed","title":"should return a valid ISO timestamp"}],"endTime":1782672651634,"message":"","name":"C:\\Users\\hp\\Desktop\\July-accessories\\backend-July\\src\\routes\\health.test.ts","startTime":1782672649454,"status":"passed","summary":""}],"wasInterrupted":false}
